Arguments: 
  C:\Program Files (x86)\nodejs\node.exe C:\Users\Administrator\AppData\Roaming\npm\node_modules\yarn\bin\yarn.js add bower

PATH: 
  C:\Python34\;C:\Python34\Scripts;C:\Program Files (x86)\Google\Chrome\Application;C:\Program Files (x86)\Common Files\Oracle\Java\javapath;C:\Windows\system32;C:\Windows;C:\Windows\System32\Wbem;C:\Windows\System32\WindowsPowerShell\v1.0\;C:\Windows\System32\OpenSSH\;C:\Program Files\Git\cmd;C:\Users\Administrator\AppData\Local\Microsoft\WindowsApps;C:\Program Files\Microsoft VS Code Insiders\bin;C:\Program Files\Microsoft VS Code\bin;C:\adb;C:\Program Files\MySQL\MySQL Utilities 1.6\;C:\Program Files\Microsoft Network Monitor 3\;C:\Program Files (x86)\Common Files\Intuit\QBPOSSDKRuntime;C:\Program Files (x86)\nodejs\;C:\ProgramData\chocolatey\bin;C:\Program Files\Dart\dart-sdk\bin;C:\Program Files\Android\Android Studio\gradle\gradle-4.8.1-all\bin;C:\Program Files\Git;C:\Program Files\Git\bin;C:\Users\Administrator\AppData\Local\Microsoft\WindowsApps;C:\Program Files\Microsoft VS Code Insiders\bin;C:\Program Files\Microsoft VS Code\bin;C:\Program Files\Samsung;C:\Users\Administrator\Downloads;C:\Users\Administrator\Downloads\sm-935p;C:\Program Files\Samsung\USB Drivers;C:\Users\Administrator\Downloads\apache-maven-3.5.3-bin;C:\Program Files\Apache\Maven\bin;C:\Users\Administrator\AppData\Roaming\npm;C:\Program Files\Java\jdk-10.0.1;C:\tools\dart-sdk\bin;C:\Users\Administrator\AppData\Roaming\Pub\Cache\bin;C:\Program Files (x86)\Ampps\apache\bin;C:\Program Files (x86)\Ampps\apache;

Yarn version: 
  1.7.0

Node version: 
  10.1.0

Platform: 
  win32 x64

Trace: 
  Error: https://registry.yarnpkg.com/bower/-/bower-1.8.4.tgz: ESOCKETTIMEDOUT
      at ClientRequest.<anonymous> (C:\Users\Administrator\AppData\Roaming\npm\node_modules\yarn\lib\cli.js:135306:19)
      at Object.onceWrapper (events.js:273:13)
      at ClientRequest.emit (events.js:182:13)
      at TLSSocket.emitTimeout (_http_client.js:698:34)
      at Object.onceWrapper (events.js:273:13)
      at TLSSocket.emit (events.js:182:13)
      at TLSSocket.Socket._onTimeout (net.js:447:8)
      at ontimeout (timers.js:427:11)
      at tryOnTimeout (timers.js:289:5)
      at listOnTimeout (timers.js:252:5)

npm manifest: 
  {
    "name": "pwa-starter-kit",
    "version": "0.8.0",
    "contributors": [
      "The Polymer Authors"
    ],
    "license": "BSD-3-Clause",
    "repository": "Polymer/pwa-starter-kit",
    "scripts": {
      "start": "polymer serve",
      "build": "npm run build:prpl-server && npm run build:static",
      "build:prpl-server": "polymer build --auto-base-path && gulp prpl-server",
      "build:static": "polymer build",
      "serve:prpl-server": "prpl-server --root server/build",
      "serve:static": "polymer serve --port 5000 build/es5-bundled",
      "test": "npm run test:unit && npm run test:integration",
      "test:integration": "mocha test/integration --timeout=10000",
      "test:unit": "polymer test --module-resolution=node --npm",
      "test:sauce": "polymer test --module-resolution=node --npm -s 'windows 10/microsoftedge@17' -s 'macos 10.13/safari@11'",
      "test:regenerate_screenshots": "mocha test/integration/screenshots-baseline/regenerate.js --timeout=15000"
    },
    "dependencies": {
      "@polymer/app-layout": "^3.0.0-pre.21",
      "@polymer/lit-element": "^0.5.2",
      "@webcomponents/webcomponentsjs": "^2.0.0",
      "pwa-helpers": "^0.8.2",
      "redux": "^3.7.2",
      "redux-thunk": "^2.2.0",
      "reselect": "^3.0.1"
    },
    "devDependencies": {
      "axe-core": "^3.0.0",
      "chai": "^4.1.2",
      "del": "^3.0.0",
      "gulp": "^4.0.0",
      "gulp-rename": "^1.3.0",
      "gulp-replace": "^1.0.0",
      "mocha": "^5.2.0",
      "pixelmatch": "^4.0.2",
      "polymer-cli": "^1.7.6",
      "polyserve": "^0.27.0",
      "prpl-server": "^1.2.0",
      "puppeteer": "^1.5.0",
      "wct-browser-legacy": "^1.0.1"
    }
  }

yarn manifest: 
  No manifest

Lockfile: 
  No lockfile
